<?xml version="1.0" encoding="UTF-8"?>
<!-- Generated by org.testng.reporters.JUnitReportReporter -->
<testsuite hostname="LAPTOP-VV23PLPG" name="com.crm.qa.testCases.HomePageTest" tests="3" failures="0" timestamp="9 Jan 2020 18:13:04 GMT" time="48.609" errors="0">
  <testcase name="verifyContactsLinkTest" time="17.831" classname="com.crm.qa.testCases.HomePageTest"/>
  <testcase name="veriftUserNameTest" time="13.782" classname="com.crm.qa.testCases.HomePageTest"/>
  <testcase name="homePageTitle" time="16.996" classname="com.crm.qa.testCases.HomePageTest"/>
</testsuite> <!-- com.crm.qa.testCases.HomePageTest -->
