<?xml version="1.0" encoding="UTF-8"?>
<!-- Generated by org.testng.reporters.JUnitReportReporter -->
<testsuite hostname="LAPTOP-VV23PLPG" name="com.crm.qa.testCases.ContactPageTest" tests="2" failures="0" timestamp="9 Jan 2020 18:13:04 GMT" time="28.746" errors="0">
  <testcase name="vefifyContactPageLevel" time="13.698" classname="com.crm.qa.testCases.ContactPageTest"/>
  <testcase name="validateCreateNewContact" time="15.048" classname="com.crm.qa.testCases.ContactPageTest"/>
</testsuite> <!-- com.crm.qa.testCases.ContactPageTest -->
