<?xml version="1.0" encoding="UTF-8"?>
<!-- Generated by org.testng.reporters.JUnitReportReporter -->
<testsuite hostname="LAPTOP-VV23PLPG" name="com.crm.qa.testCases.LoginPageTest" tests="2" failures="0" timestamp="9 Jan 2020 18:13:04 GMT" time="36.572" errors="0">
  <testcase name="loginTest" time="18.101" classname="com.crm.qa.testCases.LoginPageTest"/>
  <testcase name="loginPageTitleTest" time="18.471" classname="com.crm.qa.testCases.LoginPageTest"/>
</testsuite> <!-- com.crm.qa.testCases.LoginPageTest -->
